
> frontend@0.1.0 start
> craco start

◇ injected env (0) from .env // tip: ⌘ custom filepath { path: '/custom/path/.env' }
Starting the development server...

Compiled successfully!

You can now view frontend in the browser.

  Local:            http://localhost:3000
  On Your Network:  http://172.28.249.65:3000

Note that the development build is not optimized.
To create a production build, use npm run build.

webpack compiled [1m[32msuccessfully[39m[22m
Compiling...
Compiled successfully!
webpack compiled [1m[32msuccessfully[39m[22m
Compiling...
Compiled successfully!
webpack compiled [1m[32msuccessfully[39m[22m
Compiling...
Compiled successfully!
webpack compiled [1m[32msuccessfully[39m[22m
Compiling...
Compiled successfully!
webpack compiled [1m[32msuccessfully[39m[22m
Compiling...
Failed to compile.

Module not found: Error: Can't resolve './pages/Inventory/StockLedger' in 'C:\Users\STELLAR CONSULTANCY\Desktop\Manza-main\Manza-main\frontend\src'
[1m[31mERROR[39m[22m in [1m./src/App.js[39m[22m [1m[32m43:0-56[39m[22m
[1mModule [1m[31mnot found[39m[22m[1m: [1m[31mError[39m[22m[1m: Can't resolve './pages/Inventory/StockLedger' in 'C:\Users\STELLAR CONSULTANCY\Desktop\Manza-main\Manza-main\frontend\src'[39m[22m

webpack compiled with [1m[31m1 error[39m[22m
Compiling...
Compiled successfully!
webpack compiled [1m[32msuccessfully[39m[22m
Compiling...
Compiled successfully!
webpack compiled [1m[32msuccessfully[39m[22m
Compiling...
Compiled successfully!
webpack compiled [1m[32msuccessfully[39m[22m
Compiling...
Failed to compile.

Module not found: Error: Can't resolve './pages/Purchase/PurchaseInvoice' in 'C:\Users\STELLAR CONSULTANCY\Desktop\Manza-main\Manza-main\frontend\src'
[1m[31mERROR[39m[22m in [1m./src/App.js[39m[22m [1m[32m38:0-63[39m[22m
[1mModule [1m[31mnot found[39m[22m[1m: [1m[31mError[39m[22m[1m: Can't resolve './pages/Purchase/PurchaseInvoice' in 'C:\Users\STELLAR CONSULTANCY\Desktop\Manza-main\Manza-main\frontend\src'[39m[22m

webpack compiled with [1m[31m1 error[39m[22m
Compiling...
Compiled successfully!
webpack compiled [1m[32msuccessfully[39m[22m
Compiling...
Compiled successfully!
webpack compiled [1m[32msuccessfully[39m[22m
Compiling...
Compiled successfully!
webpack compiled [1m[32msuccessfully[39m[22m
Compiling...
Compiled successfully!
webpack compiled [1m[32msuccessfully[39m[22m
Compiling...
Compiled successfully!
webpack compiled [1m[32msuccessfully[39m[22m
Compiling...
Compiled successfully!
webpack compiled [1m[32msuccessfully[39m[22m
Compiling...
Compiled successfully!
webpack compiled [1m[32msuccessfully[39m[22m
